<?xml version="1.0" encoding="utf-8"?><testsuites name="pytest tests"><testsuite name="pytest" errors="0" failures="1" skipped="0" tests="20" time="1.866" timestamp="2026-02-03T14:13:28.749571+00:00" hostname="agent-env-238fd7ca-bee2-48e6-aee5-57863b530919"><testcase classname="tests.test_employee_portal.TestAuthentication" name="test_employee_login_success" time="0.116" /><testcase classname="tests.test_employee_portal.TestAuthentication" name="test_admin_login_success" time="0.054" /><testcase classname="tests.test_employee_portal.TestAuthentication" name="test_invalid_credentials" time="0.057" /><testcase classname="tests.test_employee_portal.TestEmployeeDashboard" name="test_dashboard_returns_employee_data" time="0.109" /><testcase classname="tests.test_employee_portal.TestEmployeeDashboard" name="test_dashboard_requires_auth" time="0.042" /><testcase classname="tests.test_employee_portal.TestEmployeeProfile" name="test_profile_returns_employee_info" time="0.119" /><testcase classname="tests.test_employee_portal.TestEmployeeProfile" name="test_profile_requires_auth" time="0.043" /><testcase classname="tests.test_employee_portal.TestEmployeeAttendance" name="test_attendance_this_week" time="0.109" /><testcase classname="tests.test_employee_portal.TestEmployeeAttendance" name="test_attendance_this_month" time="0.124" /><testcase classname="tests.test_employee_portal.TestEmployeeAttendance" name="test_attendance_status_filter" time="0.102" /><testcase classname="tests.test_employee_portal.TestEmployeeAttendance" name="test_attendance_requires_auth" time="0.059" /><testcase classname="tests.test_employee_portal.TestEmployeeLeaves" name="test_leaves_returns_requests_and_history" time="0.098" /><testcase classname="tests.test_employee_portal.TestEmployeeLeaves" name="test_apply_leave_success" time="0.083" /><testcase classname="tests.test_employee_portal.TestEmployeeLeaves" name="test_apply_leave_validation" time="0.090"><failure message="assert 200 == 400&#10; +  where 200 = &lt;Response [200]&gt;.status_code">tests/test_employee_portal.py:263: in test_apply_leave_validation
    assert response.status_code == 400
E   assert 200 == 400
E    +  where 200 = &lt;Response [200]&gt;.status_code</failure></testcase><testcase classname="tests.test_employee_portal.TestEmployeeLeaves" name="test_leaves_requires_auth" time="0.041" /><testcase classname="tests.test_employee_portal.TestEmployeeClockInOut" name="test_clock_in_already_clocked" time="0.094" /><testcase classname="tests.test_employee_portal.TestEmployeeClockInOut" name="test_clock_out_already_clocked" time="0.112" /><testcase classname="tests.test_employee_portal.TestEmployeeClockInOut" name="test_clock_requires_auth" time="0.090" /><testcase classname="tests.test_employee_portal.TestAdminCannotAccessEmployeePortal" name="test_admin_cannot_access_employee_dashboard" time="0.097" /><testcase classname="tests.test_employee_portal.TestAdminCannotAccessEmployeePortal" name="test_admin_cannot_access_employee_profile" time="0.108" /></testsuite></testsuites>