<?xml version="1.0" encoding="utf-8"?><testsuites name="pytest tests"><testsuite name="pytest" errors="0" failures="2" skipped="0" tests="14" time="1.167" timestamp="2026-02-05T07:35:21.713656+00:00" hostname="agent-env-0421b637-d104-4de3-b640-b09ebf6a72ce"><testcase classname="backend.tests.test_ist_timezone.TestISTTimezone" name="test_current_ist_time_is_correct" time="0.082" /><testcase classname="backend.tests.test_ist_timezone.TestISTTimezone" name="test_attendance_stats_uses_ist_date" time="0.049" /><testcase classname="backend.tests.test_ist_timezone.TestISTTimezone" name="test_attendance_records_date_format" time="0.056" /><testcase classname="backend.tests.test_ist_timezone.TestISTTimezone" name="test_get_employees_for_checkin" time="0.057" /><testcase classname="backend.tests.test_ist_timezone.TestISTTimezone" name="test_attendance_checkin_records_ist_time" time="0.107" /><testcase classname="backend.tests.test_ist_timezone.TestISTTimezone" name="test_payroll_month_format" time="0.132"><failure message="AttributeError: 'list' object has no attribute 'get'">backend/tests/test_ist_timezone.py:165: in test_payroll_month_format
    print(f"      Found {len(data.get('payroll', []))} payroll records")
                             ^^^^^^^^
E   AttributeError: 'list' object has no attribute 'get'</failure></testcase><testcase classname="backend.tests.test_ist_timezone.TestISTTimezone" name="test_employee_dashboard_attendance" time="0.088" /><testcase classname="backend.tests.test_ist_timezone.TestISTTimezone" name="test_reports_date_filter_works" time="0.090" /><testcase classname="backend.tests.test_ist_timezone.TestISTTimezone" name="test_leave_request_dates_format" time="0.050" /><testcase classname="backend.tests.test_ist_timezone.TestISTTimezone" name="test_created_at_timestamps_in_ist" time="0.090" /><testcase classname="backend.tests.test_ist_timezone.TestISTTimezone" name="test_attendance_stats_date_param" time="0.099" /><testcase classname="backend.tests.test_ist_timezone.TestISTDateCalculations" name="test_payroll_working_days_calculation" time="0.087"><failure message="AttributeError: 'list' object has no attribute 'get'">backend/tests/test_ist_timezone.py:296: in test_payroll_working_days_calculation
    payroll_records = data.get("payroll", [])
                      ^^^^^^^^
E   AttributeError: 'list' object has no attribute 'get'</failure></testcase><testcase classname="backend.tests.test_ist_timezone.TestISTDateCalculations" name="test_ist_today_format" time="0.039" /><testcase classname="backend.tests.test_ist_timezone.TestISTDateCalculations" name="test_ist_offset_verification" time="0.039" /></testsuite></testsuites>