<?xml version="1.0" encoding="utf-8"?><testsuites name="pytest tests"><testsuite name="pytest" errors="0" failures="1" skipped="0" tests="17" time="1.627" timestamp="2026-02-05T06:30:22.202139+00:00" hostname="agent-env-0421b637-d104-4de3-b640-b09ebf6a72ce"><testcase classname="backend.tests.test_payroll_shifts.TestShiftConfiguration" name="test_get_all_shifts" time="0.134" /><testcase classname="backend.tests.test_payroll_shifts.TestShiftConfiguration" name="test_get_specific_shift_general" time="0.040" /><testcase classname="backend.tests.test_payroll_shifts.TestShiftConfiguration" name="test_get_specific_shift_morning" time="0.039" /><testcase classname="backend.tests.test_payroll_shifts.TestShiftConfiguration" name="test_get_invalid_shift" time="0.042" /><testcase classname="backend.tests.test_payroll_shifts.TestEmployeeShiftUpdate" name="test_update_employee_shift_to_general" time="0.087" /><testcase classname="backend.tests.test_payroll_shifts.TestEmployeeShiftUpdate" name="test_update_employee_shift_to_custom" time="0.082" /><testcase classname="backend.tests.test_payroll_shifts.TestEmployeeShiftUpdate" name="test_update_custom_shift_without_times_fails" time="0.080" /><testcase classname="backend.tests.test_payroll_shifts.TestEmployeeShiftUpdate" name="test_update_employee_shift_to_flexible" time="0.079" /><testcase classname="backend.tests.test_payroll_shifts.TestEmployeeSalaryUpdate" name="test_update_employee_salary_via_dedicated_endpoint" time="0.127" /><testcase classname="backend.tests.test_payroll_shifts.TestEmployeeSalaryUpdate" name="test_update_employee_salary_via_employee_update" time="0.090" /><testcase classname="backend.tests.test_payroll_shifts.TestPayrollAPI" name="test_get_payroll_data_for_month" time="0.077" /><testcase classname="backend.tests.test_payroll_shifts.TestPayrollAPI" name="test_get_payroll_summary" time="0.121" /><testcase classname="backend.tests.test_payroll_shifts.TestPayrollAPI" name="test_get_individual_employee_payroll" time="0.082" /><testcase classname="backend.tests.test_payroll_shifts.TestAttendanceWithLOP" name="test_attendance_endpoints_exist" time="0.087" /><testcase classname="backend.tests.test_payroll_shifts.TestAttendanceWithLOP" name="test_get_attendance_records" time="0.077"><failure message="AssertionError: Attendance record missing field: is_lop&#10;assert 'is_lop' in {'check_in': '05:50 AM', 'check_out': None, 'created_at': '2026-02-05T05:50:11.585286+00:00', 'date': '05-02-2026', ...}">backend/tests/test_payroll_shifts.py:345: in test_get_attendance_records
    assert field in record, f"Attendance record missing field: {field}"
E   AssertionError: Attendance record missing field: is_lop
E   assert 'is_lop' in {'check_in': '05:50 AM', 'check_out': None, 'created_at': '2026-02-05T05:50:11.585286+00:00', 'date': '05-02-2026', ...}</failure></testcase><testcase classname="backend.tests.test_payroll_shifts.TestPayrollCalculationLogic" name="test_payroll_calculation_structure" time="0.120" /><testcase classname="backend.tests.test_payroll_shifts.TestLOPStatusDisplay" name="test_attendance_status_filter" time="0.156" /></testsuite></testsuites>