<?xml version="1.0" encoding="utf-8"?><testsuites name="pytest tests"><testsuite name="pytest" errors="0" failures="2" skipped="0" tests="13" time="1.273" timestamp="2026-02-05T06:45:24.428438+00:00" hostname="agent-env-0421b637-d104-4de3-b640-b09ebf6a72ce"><testcase classname="backend.tests.test_star_rewards.TestStarRewardsEmployeeList" name="test_get_star_rewards_employees" time="0.124" /><testcase classname="backend.tests.test_star_rewards.TestStarRewardsEmployeeList" name="test_get_star_rewards_with_team_filter" time="0.083" /><testcase classname="backend.tests.test_star_rewards.TestStarRewardsEmployeeList" name="test_get_star_rewards_with_search" time="0.042" /><testcase classname="backend.tests.test_star_rewards.TestStarRewardsTeams" name="test_get_teams_for_research_unit" time="0.081" /><testcase classname="backend.tests.test_star_rewards.TestStarRewardsAdd" name="test_add_performance_stars" time="0.118" /><testcase classname="backend.tests.test_star_rewards.TestStarRewardsAdd" name="test_add_learning_stars" time="0.084" /><testcase classname="backend.tests.test_star_rewards.TestStarRewardsAdd" name="test_add_innovation_stars" time="0.133" /><testcase classname="backend.tests.test_star_rewards.TestStarRewardsAdd" name="test_add_unsafe_conduct_stars" time="0.114" /><testcase classname="backend.tests.test_star_rewards.TestStarRewardsAdd" name="test_star_rewards_restricted_to_research_unit" time="0.085" /><testcase classname="backend.tests.test_star_rewards.TestStarRewardsHistory" name="test_get_star_history" time="0.118" /><testcase classname="backend.tests.test_star_rewards.TestVijayanStars" name="test_vijayan_has_stars" time="0.077" /><testcase classname="backend.tests.test_star_rewards.TestReportsPage" name="test_reports_leaves_endpoint" time="0.079"><failure message="AssertionError: Failed to get leave reports: {&quot;detail&quot;:[{&quot;type&quot;:&quot;missing&quot;,&quot;loc&quot;:[&quot;query&quot;,&quot;from_date&quot;],&quot;msg&quot;:&quot;Field required&quot;,&quot;input&quot;:null,&quot;url&quot;:&quot;https://errors.pydantic.dev/2.12/v/missing&quot;},{&quot;type&quot;:&quot;missing&quot;,&quot;loc&quot;:[&quot;query&quot;,&quot;to_date&quot;],&quot;msg&quot;:&quot;Field required&quot;,&quot;input&quot;:null,&quot;url&quot;:&quot;https://errors.pydantic.dev/2.12/v/missing&quot;}]}&#10;assert 422 == 200&#10; +  where 422 = &lt;Response [422]&gt;.status_code">backend/tests/test_star_rewards.py:381: in test_reports_leaves_endpoint
    assert response.status_code == 200, f"Failed to get leave reports: {response.text}"
E   AssertionError: Failed to get leave reports: {"detail":[{"type":"missing","loc":["query","from_date"],"msg":"Field required","input":null,"url":"https://errors.pydantic.dev/2.12/v/missing"},{"type":"missing","loc":["query","to_date"],"msg":"Field required","input":null,"url":"https://errors.pydantic.dev/2.12/v/missing"}]}
E   assert 422 == 200
E    +  where 422 = &lt;Response [422]&gt;.status_code</failure></testcase><testcase classname="backend.tests.test_star_rewards.TestReportsPage" name="test_reports_attendance_endpoint" time="0.038"><failure message="AssertionError: Failed to get attendance reports: {&quot;detail&quot;:[{&quot;type&quot;:&quot;missing&quot;,&quot;loc&quot;:[&quot;query&quot;,&quot;from_date&quot;],&quot;msg&quot;:&quot;Field required&quot;,&quot;input&quot;:null,&quot;url&quot;:&quot;https://errors.pydantic.dev/2.12/v/missing&quot;},{&quot;type&quot;:&quot;missing&quot;,&quot;loc&quot;:[&quot;query&quot;,&quot;to_date&quot;],&quot;msg&quot;:&quot;Field required&quot;,&quot;input&quot;:null,&quot;url&quot;:&quot;https://errors.pydantic.dev/2.12/v/missing&quot;}]}&#10;assert 422 == 200&#10; +  where 422 = &lt;Response [422]&gt;.status_code">backend/tests/test_star_rewards.py:392: in test_reports_attendance_endpoint
    assert response.status_code == 200, f"Failed to get attendance reports: {response.text}"
E   AssertionError: Failed to get attendance reports: {"detail":[{"type":"missing","loc":["query","from_date"],"msg":"Field required","input":null,"url":"https://errors.pydantic.dev/2.12/v/missing"},{"type":"missing","loc":["query","to_date"],"msg":"Field required","input":null,"url":"https://errors.pydantic.dev/2.12/v/missing"}]}
E   assert 422 == 200
E    +  where 422 = &lt;Response [422]&gt;.status_code</failure></testcase></testsuite></testsuites>